<?xml version="1.0" encoding="UTF-8"?>
<!-- Generated by org.testng.reporters.JUnitReportReporter -->
<testsuite hostname="DESKTOP-I7D4M6U" failures="0" tests="1" name="com.ninja.hrm.api.employeetest.EmployeeTest" time="2.028" errors="0" timestamp="2024-09-02T17:53:20 IST" skipped="0">
  <testcase classname="com.ninja.hrm.api.employeetest.EmployeeTest" name="addEmployeTest" time="2.028"/>
  <system-out/>
</testsuite> <!-- com.ninja.hrm.api.employeetest.EmployeeTest -->
